Unity Editor version:    2020.3.27f1 (e759542391ea)
Branch:                  2020.3/release
Build type:              Release
Batch mode:              YES
macOS version:           Version 11.7.10 (Build 20G1427)
Darwin version:          20.6.0
Architecture:            x86_64
Running under Rosetta:   NO
Available memory:        16384 MB
Using pre-set license
Pro License: NO

COMMAND LINE ARGUMENTS:
/Applications/2020.3.27f1/Unity.app/Contents/MacOS/Unity
-adb2
-batchMode
-noUpm
-name
AssetImportWorker0
-projectPath
/Users/game12/My project (1)
-logFile
Logs/AssetImportWorker0.log
-srvPort
49654
Successfully changed project path to: /Users/game12/My project (1)
/Users/game12/My project (1)
Using Asset Import Pipeline V2.
Refreshing native plugins compatible for Editor in 42.41 ms, found 3 plugins.
Preloading 0 native plugins for Editor in 0.00 ms.
Initialize engine version: 2020.3.27f1 (e759542391ea)
[Subsystems] Discovering subsystems at path /Applications/2020.3.27f1/Unity.app/Contents/Resources/UnitySubsystems
[Subsystems] Discovering subsystems at path /Users/game12/My project (1)/Assets
GfxDevice: creating device client; threaded=0
2024-11-19 12:49:14.620 Unity[2382:85115] iMac preferred device: AMD Radeon Pro 5500 XT (high power)
2024-11-19 12:49:14.620 Unity[2382:85115] Metal devices available: 1
2024-11-19 12:49:14.620 Unity[2382:85115] 0: AMD Radeon Pro 5500 XT (high power)
2024-11-19 12:49:14.621 Unity[2382:85115] Using device AMD Radeon Pro 5500 XT (high power)
Initializing Metal device caps: AMD Radeon Pro 5500 XT
Initialize mono
Mono path[0] = '/Applications/2020.3.27f1/Unity.app/Contents/Managed'
Mono path[1] = '/Applications/2020.3.27f1/Unity.app/Contents/MonoBleedingEdge/lib/mono/unityjit'
Mono config path = '/Applications/2020.3.27f1/Unity.app/Contents/MonoBleedingEdge/etc'
Using monoOptions --debugger-agent=transport=dt_socket,embedding=1,server=y,suspend=n,address=127.0.0.1:56382
Begin MonoManager ReloadAssembly
Registering precompiled unity dll's ...
Register platform support module: /Applications/2020.3.27f1/Unity.app/Contents/PlaybackEngines/MacStandaloneSupport/UnityEditor.OSXStandalone.Extensions.dll
Registered in 0.000440 seconds.
Native extension for OSXStandalone target not found
Refreshing native plugins compatible for Editor in 43.19 ms, found 3 plugins.
Preloading 0 native plugins for Editor in 0.00 ms.
Mono: successfully reloaded assembly
- Completed reload, in  0.545 seconds
Domain Reload Profiling:
	ReloadAssembly (545ms)
		BeginReloadAssembly (38ms)
			ExecutionOrderSort (0ms)
			DisableScriptedObjects (0ms)
			BackupInstance (0ms)
			ReleaseScriptingObjects (0ms)
			CreateAndSetChildDomain (1ms)
		EndReloadAssembly (441ms)
			LoadAssemblies (37ms)
			RebuildTransferFunctionScriptingTraits (0ms)
			SetupTypeCache (158ms)
			ReleaseScriptCaches (0ms)
			RebuildScriptCaches (33ms)
			SetupLoadedEditorAssemblies (175ms)
				LogAssemblyErrors (0ms)
				InitializePlatformSupportModulesInManaged (4ms)
				SetLoadedEditorAssemblies (0ms)
				RefreshPlugins (43ms)
				BeforeProcessingInitializeOnLoad (7ms)
				ProcessInitializeOnLoadAttributes (93ms)
				ProcessInitializeOnLoadMethodAttributes (27ms)
				AfterProcessingInitializeOnLoad (0ms)
				EditorAssembliesLoaded (0ms)
			ExecutionOrderSort2 (0ms)
			AwakeInstancesAfterBackupRestoration (0ms)
Platform modules already initialized, skipping
Registering precompiled user dll's ...
Registered in 0.001889 seconds.
Begin MonoManager ReloadAssembly
Native extension for OSXStandalone target not found
Refreshing native plugins compatible for Editor in 42.48 ms, found 3 plugins.
Preloading 0 native plugins for Editor in 0.00 ms.
Mono: successfully reloaded assembly
- Completed reload, in  1.104 seconds
Domain Reload Profiling:
	ReloadAssembly (1105ms)
		BeginReloadAssembly (139ms)
			ExecutionOrderSort (0ms)
			DisableScriptedObjects (5ms)
			BackupInstance (0ms)
			ReleaseScriptingObjects (0ms)
			CreateAndSetChildDomain (30ms)
		EndReloadAssembly (907ms)
			LoadAssemblies (69ms)
			RebuildTransferFunctionScriptingTraits (0ms)
			SetupTypeCache (328ms)
			ReleaseScriptCaches (0ms)
			RebuildScriptCaches (52ms)
			SetupLoadedEditorAssemblies (345ms)
				LogAssemblyErrors (0ms)
				InitializePlatformSupportModulesInManaged (3ms)
				SetLoadedEditorAssemblies (0ms)
				RefreshPlugins (43ms)
				BeforeProcessingInitializeOnLoad (54ms)
				ProcessInitializeOnLoadAttributes (231ms)
				ProcessInitializeOnLoadMethodAttributes (14ms)
				AfterProcessingInitializeOnLoad (1ms)
				EditorAssembliesLoaded (0ms)
			ExecutionOrderSort2 (0ms)
			AwakeInstancesAfterBackupRestoration (6ms)
Platform modules already initialized, skipping
Validating Project structure ... 0.004252 seconds.
Shader import version has changed; will reimport all shaders...
Upgrading shader files ...0.005476 seconds.
Application.AssetDatabase Initial Script Refresh Start
RefreshInfo: InitialScriptRefreshV2(NoUpdateAssetOptions) scanfilter:  ... 1 filters
RefreshProfiler: Total: 0.000ms
Application.AssetDatabase Initial Script Refresh End
Application.AssetDatabase.Refresh Start
Application.AssetDatabase.Refresh End
RefreshInfo: StopAssetImportingV2(ForceSynchronousImport) scanfilter: 
RefreshProfiler: Total: 0.000ms
Launching external process: /Applications/2020.3.27f1/Unity.app/Contents/Tools/UnityShaderCompiler
Launched and connected shader compiler UnityShaderCompiler after 0.01 seconds
Initializing Unity extensions:
========================================================================
Worker process is ready to serve import requests
Refreshing native plugins compatible for Editor in 0.43 ms, found 3 plugins.
Preloading 0 native plugins for Editor in 0.00 ms.
Unloading 2537 Unused Serialized files (Serialized files now loaded: 0)
System memory in use before: 229.9 MB.
System memory in use after: 229.1 MB.

Unloading 116 unused Assets to reduce memory usage. Loaded Objects now: 3012.
Total: 3.051073 ms (FindLiveObjects: 0.181601 ms CreateObjectMapping: 0.101778 ms MarkObjects: 2.366200 ms  DeleteObjects: 0.400823 ms)

AssetImportParameters requested are different than current active one (requested -> active):
  custom:video-decoder-ogg-theora: a1e56fd34408186e4bbccfd4996cb3dc -> 
  custom:container-muxer-webm: aa71ff27fc2769a1b78a27578f13a17b -> 
  custom:container-demuxer-webm: 4f35f7cbe854078d1ac9338744f61a02 -> 
  custom:container-demuxer-ogg: 62fdf1f143b41e24485cea50d1cbac27 -> 
  custom:video-encoder-webm-vp8: eb34c28f22e8b96e1ab97ce403110664 -> 
  custom:framework-osx-AVFoundation: e770b220cccbd017edd2c1fefb359320 -> 
  custom:video-decoder-webm-vp8: 9c59270c3fd7afecdb556c50c9e8de78 -> 
  custom:audio-decoder-ogg-vorbis: bf7c407c2cedff20999df2af8eb42d56 -> 
  custom:audio-encoder-webm-vorbis: bf7c407c2cedff20999df2af8eb42d56 -> 
========================================================================
Received Import Request.
  path: Assets/UnityTechnologies/StarterAsset/Art/Tiles/FloorBricksToGrassCorner_3.asset
  artifactKey: Guid(ef7b244e4fea9496fb48f69a9bee3ae2) Importer(815301076,1909f56bfc062723c751e8b465ee728b)
Start importing Assets/UnityTechnologies/StarterAsset/Art/Tiles/FloorBricksToGrassCorner_3.asset using Guid(ef7b244e4fea9496fb48f69a9bee3ae2) Importer(815301076,1909f56bfc062723c751e8b465ee728b)  -> (artifact id: '58534fcd4e8447900f2fab400ba3ceb9') in 0.898969 seconds 
  Import took 0.904174 seconds .

========================================================================
Received Import Request.
  Time since last request: 0.000150 seconds.
  path: Assets/UnityTechnologies/StarterAsset/Art/Tiles/FloorBricksToGrassCorner_2.asset
  artifactKey: Guid(424722a0ae898461e9726c4fd33ee4fa) Importer(815301076,1909f56bfc062723c751e8b465ee728b)
Start importing Assets/UnityTechnologies/StarterAsset/Art/Tiles/FloorBricksToGrassCorner_2.asset using Guid(424722a0ae898461e9726c4fd33ee4fa) Importer(815301076,1909f56bfc062723c751e8b465ee728b)  -> (artifact id: '895b16a1ff7f761709faeff65998a996') in 0.006377 seconds 
  Import took 0.009514 seconds .

========================================================================
Received Import Request.
  Time since last request: 0.000140 seconds.
  path: Assets/UnityTechnologies/StarterAsset/Art/Tiles/FloorGrassToBricksSquare_4.asset
  artifactKey: Guid(943a79172104d43aeacadd4045126e61) Importer(815301076,1909f56bfc062723c751e8b465ee728b)
Start importing Assets/UnityTechnologies/StarterAsset/Art/Tiles/FloorGrassToBricksSquare_4.asset using Guid(943a79172104d43aeacadd4045126e61) Importer(815301076,1909f56bfc062723c751e8b465ee728b)  -> (artifact id: '0f99459f1e38059f4eafb5645847ec8b') in 0.005449 seconds 
  Import took 0.009276 seconds .

========================================================================
Received Import Request.
  Time since last request: 0.000262 seconds.
  path: Assets/UnityTechnologies/StarterAsset/Art/Tiles/FloorBricksToGrassCorner_7.asset
  artifactKey: Guid(73277f1ffb7ac4170953c66c11443212) Importer(815301076,1909f56bfc062723c751e8b465ee728b)
Start importing Assets/UnityTechnologies/StarterAsset/Art/Tiles/FloorBricksToGrassCorner_7.asset using Guid(73277f1ffb7ac4170953c66c11443212) Importer(815301076,1909f56bfc062723c751e8b465ee728b)  -> (artifact id: 'fabc5fd9d431ca5a53302bc205c81e14') in 0.005232 seconds 
  Import took 0.008732 seconds .

========================================================================
Received Import Request.
  Time since last request: 0.000136 seconds.
  path: Assets/UnityTechnologies/StarterAsset/Art/Tiles/FloorBricksToGrassCorner_4.asset
  artifactKey: Guid(9b0482c754a214a91aaf9a00d36ffc4d) Importer(815301076,1909f56bfc062723c751e8b465ee728b)
Start importing Assets/UnityTechnologies/StarterAsset/Art/Tiles/FloorBricksToGrassCorner_4.asset using Guid(9b0482c754a214a91aaf9a00d36ffc4d) Importer(815301076,1909f56bfc062723c751e8b465ee728b)  -> (artifact id: 'a736978041d53f2657a12c3fe0746e29') in 0.004751 seconds 
  Import took 0.007485 seconds .

========================================================================
Received Import Request.
  Time since last request: 0.000129 seconds.
  path: Assets/UnityTechnologies/StarterAsset/Art/Tiles/FloorGrassToBricksSquare_8.asset
  artifactKey: Guid(968bcccc8fee64bab9198ec800f85237) Importer(815301076,1909f56bfc062723c751e8b465ee728b)
Start importing Assets/UnityTechnologies/StarterAsset/Art/Tiles/FloorGrassToBricksSquare_8.asset using Guid(968bcccc8fee64bab9198ec800f85237) Importer(815301076,1909f56bfc062723c751e8b465ee728b)  -> (artifact id: '718ddfe14b4adf33a4d8f73f5d629686') in 0.004333 seconds 
  Import took 0.006700 seconds .

========================================================================
Received Import Request.
  Time since last request: 0.000131 seconds.
  path: Assets/UnityTechnologies/StarterAsset/Art/Tiles/FloorBricksToGrassCorner_5.asset
  artifactKey: Guid(e08096f931e5446ccbfd3e8eec1e5431) Importer(815301076,1909f56bfc062723c751e8b465ee728b)
Start importing Assets/UnityTechnologies/StarterAsset/Art/Tiles/FloorBricksToGrassCorner_5.asset using Guid(e08096f931e5446ccbfd3e8eec1e5431) Importer(815301076,1909f56bfc062723c751e8b465ee728b)  -> (artifact id: '632f9add2cd96c37c5c84b843362cff1') in 0.004614 seconds 
  Import took 0.006932 seconds .

========================================================================
Received Import Request.
  Time since last request: 0.000143 seconds.
  path: Assets/UnityTechnologies/StarterAsset/Art/Tiles/FloorBricksToGrassCorner_6.asset
  artifactKey: Guid(2d5c96cd934d24cc8af147eca33f5c51) Importer(815301076,1909f56bfc062723c751e8b465ee728b)
Start importing Assets/UnityTechnologies/StarterAsset/Art/Tiles/FloorBricksToGrassCorner_6.asset using Guid(2d5c96cd934d24cc8af147eca33f5c51) Importer(815301076,1909f56bfc062723c751e8b465ee728b)  -> (artifact id: '262b094322b53e122a56d4a0601f6ad2') in 0.005219 seconds 
  Import took 0.007943 seconds .

